<?xml version="1.0" encoding="UTF-8"?>
<!-- Generated by org.testng.reporters.JUnitReportReporter -->
<testsuite skipped="0" hostname="pirate" name="com.app.qa.testcases.test" tests="1" failures="0" timestamp="12 Nov 2018 19:51:22 GMT" time="8.327" errors="0">
  <testcase name="verifyTitle" time="8.327" classname="com.app.qa.testcases.test"/>
</testsuite> <!-- com.app.qa.testcases.test -->
